<?xml version="1.0" encoding="UTF-8"?>
<testng-results ignored="0" total="1" passed="1" failed="0" skipped="0">
  <reporter-output>
  </reporter-output>
  <suite started-at="2023-02-25T13:09:32 IST" name="Default suite" finished-at="2023-02-25T13:09:35 IST" duration-ms="3371">
    <groups>
    </groups>
    <test started-at="2023-02-25T13:09:32 IST" name="Default test" finished-at="2023-02-25T13:09:35 IST" duration-ms="3371">
      <class name="com.qa.rest.test.GetCallBDD">
        <test-method signature="test_numberOfCircuitsFor2017_Season()[pri:0, instance:com.qa.rest.test.GetCallBDD@4e268090]" started-at="2023-02-25T13:09:32 IST" name="test_numberOfCircuitsFor2017_Season" finished-at="2023-02-25T13:09:35 IST" duration-ms="3337" status="PASS">
          <reporter-output>
          </reporter-output>
        </test-method> <!-- test_numberOfCircuitsFor2017_Season -->
      </class> <!-- com.qa.rest.test.GetCallBDD -->
    </test> <!-- Default test -->
  </suite> <!-- Default suite -->
</testng-results>
